<?xml version="1.0" encoding="UTF-8"?>
<testsuite xmlns:xsi="http://www.w3.org/2001/XMLSchema-instance" xsi:noNamespaceSchemaLocation="https://maven.apache.org/surefire/maven-surefire-plugin/xsd/surefire-test-report-3.0.xsd" version="3.0" name="com.ttran.springboottodolist.SpringbootTodolistApplicationTests" time="14.564" tests="1" errors="0" skipped="0" failures="0">
  <properties>
[...]
</properties>
  <testcase name="contextLoads" classname="com.ttran.springboottodolist.SpringbootTodolistApplicationTests" time="0.998">
    <system-out><![CDATA[10:50:00.566 [main] INFO org.springframework.test.context.support.AnnotationConfigContextLoaderUtils -- Could not detect default configuration classes for test class [com.ttran.springboottodolist.SpringbootTodolistApplicationTests]: SpringbootTodolistApplicationTests does not declare any static, non-private, non-final, nested classes annotated with @Configuration.
10:50:00.780 [main] INFO org.springframework.boot.test.context.SpringBootTestContextBootstrapper -- Found @SpringBootConfiguration com.ttran.springboottodolist.SpringbootTodolistApplication for test class com.ttran.springboottodolist.SpringbootTodolistApplicationTests

  .   ____          _            __ _ _
 /\\ / ___'_ __ _ _(_)_ __  __ _ \ \ \ \
( ( )\___ | '_ | '_| | '_ \/ _` | \ \ \ \
 \\/  ___)| |_)| | | | | || (_| |  ) ) ) )
  '  |____| .__|_| |_|_| |_\__, | / / / /
 =========|_|==============|___/=/_/_/_/
 :: Spring Boot ::                (v3.1.0)

2023-06-07T10:50:01.956-04:00  INFO 23800 --- [           main] c.t.s.SpringbootTodolistApplicationTests : Starting SpringbootTodolistApplicationTests using Java 17.0.6 with PID 23800 (started by rebed in C:\Users\rebed\webServer\springboottodolistmaven\springboot-todolist)
2023-06-07T10:50:01.958-04:00  INFO 23800 --- [           main] c.t.s.SpringbootTodolistApplicationTests : No active profile set, falling back to 1 default profile: "default"
2023-06-07T10:50:03.418-04:00  INFO 23800 --- [           main] .s.d.r.c.RepositoryConfigurationDelegate : Bootstrapping Spring Data JPA repositories in DEFAULT mode.
2023-06-07T10:50:03.579-04:00  INFO 23800 --- [           main] .s.d.r.c.RepositoryConfigurationDelegate : Finished Spring Data repository scanning in 129 ms. Found 1 JPA repository interfaces.
2023-06-07T10:50:06.022-04:00  INFO 23800 --- [           main] com.zaxxer.hikari.HikariDataSource       : HikariPool-1 - Starting...
2023-06-07T10:50:06.034-04:00  WARN 23800 --- [           main] c.zaxxer.hikari.util.DriverDataSource    : Registered driver with driverClassName=com.mysql.jdbc.Driver was not found, trying direct instantiation.
2023-06-07T10:50:07.358-04:00  INFO 23800 --- [           main] com.zaxxer.hikari.pool.HikariPool        : HikariPool-1 - Added connection com.mysql.cj.jdbc.ConnectionImpl@3c19592c
2023-06-07T10:50:07.362-04:00  INFO 23800 --- [           main] com.zaxxer.hikari.HikariDataSource       : HikariPool-1 - Start completed.
2023-06-07T10:50:07.570-04:00  INFO 23800 --- [           main] o.hibernate.jpa.internal.util.LogHelper  : HHH000204: Processing PersistenceUnitInfo [name: default]
2023-06-07T10:50:08.011-04:00  INFO 23800 --- [           main] org.hibernate.Version                    : HHH000412: Hibernate ORM core version 6.2.2.Final
2023-06-07T10:50:08.026-04:00  INFO 23800 --- [           main] org.hibernate.cfg.Environment            : HHH000406: Using bytecode reflection optimizer
2023-06-07T10:50:08.579-04:00  INFO 23800 --- [           main] o.h.b.i.BytecodeProviderInitiator        : HHH000021: Bytecode provider name : bytebuddy
2023-06-07T10:50:08.929-04:00  INFO 23800 --- [           main] o.s.o.j.p.SpringPersistenceUnitInfo      : No LoadTimeWeaver setup: ignoring JPA class transformer
2023-06-07T10:50:09.154-04:00  INFO 23800 --- [           main] org.hibernate.orm.dialect                : HHH035001: Using dialect: org.hibernate.dialect.MySQLDialect, version: 8.0.33
2023-06-07T10:50:09.640-04:00  INFO 23800 --- [           main] o.h.b.i.BytecodeProviderInitiator        : HHH000021: Bytecode provider name : bytebuddy
2023-06-07T10:50:10.787-04:00  INFO 23800 --- [           main] o.h.e.t.j.p.i.JtaPlatformInitiator       : HHH000490: Using JtaPlatform implementation: [org.hibernate.engine.transaction.jta.platform.internal.NoJtaPlatform]
2023-06-07T10:50:10.793-04:00  INFO 23800 --- [           main] j.LocalContainerEntityManagerFactoryBean : Initialized JPA EntityManagerFactory for persistence unit 'default'
2023-06-07T10:50:11.572-04:00  INFO 23800 --- [           main] o.s.d.j.r.query.QueryEnhancerFactory     : Hibernate is in classpath; If applicable, HQL parser will be used.
2023-06-07T10:50:12.883-04:00  WARN 23800 --- [           main] JpaBaseConfiguration$JpaWebConfiguration : spring.jpa.open-in-view is enabled by default. Therefore, database queries may be performed during view rendering. Explicitly configure spring.jpa.open-in-view to disable this warning
2023-06-07T10:50:13.719-04:00  INFO 23800 --- [           main] c.t.s.SpringbootTodolistApplicationTests : Started SpringbootTodolistApplicationTests in 12.567 seconds (process running for 14.93)
]]></system-out>
    <system-err><![CDATA[Loading class `com.mysql.jdbc.Driver'. This is deprecated. The new driver class is `com.mysql.cj.jdbc.Driver'. The driver is automatically registered via the SPI and manual loading of the driver class is generally unnecessary.
]]></system-err>
  </testcase>
</testsuite>